<?xml version="1.0" encoding="UTF-8"?>
<!-- Generated by org.testng.reporters.JUnitReportReporter -->
<testsuite hostname="DESKTOP-5IN5P6J" failures="0" tests="1" name="testScript.ManageNewsTest" time="9.072" errors="0" timestamp="2025-05-23T11:59:43 IST" skipped="0">
  <testcase classname="testScript.ManageNewsTest" name="manageNewsTest" time="9.072"/>
</testsuite> <!-- testScript.ManageNewsTest -->
