<?xml version="1.0" encoding="UTF-8"?>
<!-- Generated by org.testng.reporters.JUnitReportReporter -->
<testsuite hostname="DESKTOP-5IN5P6J" failures="0" tests="1" name="testScript.Login" time="7.397" errors="0" timestamp="2025-05-15T18:29:59 IST" skipped="0">
  <testcase classname="testScript.Login" name="loginTest" time="7.397"/>
</testsuite> <!-- testScript.Login -->
