<?xml version="1.0" encoding="UTF-8"?>
<!-- Generated by org.testng.reporters.JUnitReportReporter -->
<testsuite hostname="DESKTOP-5IN5P6J" failures="0" tests="1" name="testScript.ManageContactTest" time="8.652" errors="0" timestamp="2025-05-27T12:12:33 IST" skipped="0">
  <testcase classname="testScript.ManageContactTest" name="mangeContactTest" time="8.652"/>
</testsuite> <!-- testScript.ManageContactTest -->
