<?xml version="1.0" encoding="UTF-8"?>
<!-- Generated by org.testng.reporters.JUnitReportReporter -->
<testsuite hostname="DESKTOP-5IN5P6J" failures="0" tests="1" name="testScript.LoginTest" time="10.401" errors="0" timestamp="2025-05-26T11:23:37 IST" skipped="0">
  <testcase classname="testScript.LoginTest" name="loginTest" time="10.401"/>
</testsuite> <!-- testScript.LoginTest -->
